<?xml version="1.0" encoding="UTF-8"?>
<testsuite xmlns:xsi="http://www.w3.org/2001/XMLSchema-instance" xsi:noNamespaceSchemaLocation="https://maven.apache.org/surefire/maven-surefire-plugin/xsd/surefire-test-report.xsd" version="3.0.2" name="com.parkea.ya.ParkeaYaApplicationTests" time="21.371" tests="1" errors="0" skipped="0" failures="0">
  <properties>
[...]
</properties>
  <testcase name="contextLoads" classname="com.parkea.ya.ParkeaYaApplicationTests" time="1.07">
    <system-out><![CDATA[16:35:33.706 [main] INFO org.springframework.test.context.support.AnnotationConfigContextLoaderUtils -- Could not detect default configuration classes for test class [com.parkea.ya.ParkeaYaApplicationTests]: ParkeaYaApplicationTests does not declare any static, non-private, non-final, nested classes annotated with @Configuration.
16:35:34.083 [main] INFO org.springframework.boot.test.context.SpringBootTestContextBootstrapper -- Found @SpringBootConfiguration com.parkea.ya.ParkeaYaApplication for test class com.parkea.ya.ParkeaYaApplicationTests
16:35:34.655 [main] INFO org.springframework.boot.devtools.restart.RestartApplicationListener -- Restart disabled due to context in which it is running

  .   ____          _            __ _ _
 /\\ / ___'_ __ _ _(_)_ __  __ _ \ \ \ \
( ( )\___ | '_ | '_| | '_ \/ _` | \ \ \ \
 \\/  ___)| |_)| | | | | || (_| |  ) ) ) )
  '  |____| .__|_| |_|_| |_\__, | / / / /
 =========|_|==============|___/=/_/_/_/

 :: Spring Boot ::                (v3.4.0)

2025-11-20T16:35:35.517-05:00  INFO 20192 --- [           main] com.parkea.ya.ParkeaYaApplicationTests   : Starting ParkeaYaApplicationTests using Java 24.0.1 with PID 20192 (started by frodr in C:\Users\frodr\Downloads\Web-Springbootjava-main)
2025-11-20T16:35:35.520-05:00 DEBUG 20192 --- [           main] com.parkea.ya.ParkeaYaApplicationTests   : Running with Spring Boot v3.4.0, Spring v6.2.0
2025-11-20T16:35:35.521-05:00  INFO 20192 --- [           main] com.parkea.ya.ParkeaYaApplicationTests   : No active profile set, falling back to 1 default profile: "default"
2025-11-20T16:35:38.086-05:00  INFO 20192 --- [           main] .s.d.r.c.RepositoryConfigurationDelegate : Bootstrapping Spring Data JPA repositories in DEFAULT mode.
2025-11-20T16:35:38.759-05:00  INFO 20192 --- [           main] .s.d.r.c.RepositoryConfigurationDelegate : Finished Spring Data repository scanning in 574 ms. Found 3 JPA repository interfaces.
2025-11-20T16:35:41.182-05:00  INFO 20192 --- [           main] o.hibernate.jpa.internal.util.LogHelper  : HHH000204: Processing PersistenceUnitInfo [name: default]
2025-11-20T16:35:41.510-05:00  INFO 20192 --- [           main] org.hibernate.Version                    : HHH000412: Hibernate ORM core version 6.6.2.Final
2025-11-20T16:35:41.731-05:00  INFO 20192 --- [           main] o.h.c.internal.RegionFactoryInitiator    : HHH000026: Second-level cache disabled
2025-11-20T16:35:43.015-05:00  INFO 20192 --- [           main] o.s.o.j.p.SpringPersistenceUnitInfo      : No LoadTimeWeaver setup: ignoring JPA class transformer
2025-11-20T16:35:43.084-05:00  INFO 20192 --- [           main] com.zaxxer.hikari.HikariDataSource       : HikariPool-1 - Starting...
2025-11-20T16:35:43.671-05:00  INFO 20192 --- [           main] com.zaxxer.hikari.pool.HikariPool        : HikariPool-1 - Added connection conn0: url=jdbc:h2:mem:parkeya_db user=SA
2025-11-20T16:35:43.676-05:00  INFO 20192 --- [           main] com.zaxxer.hikari.HikariDataSource       : HikariPool-1 - Start completed.
2025-11-20T16:35:43.748-05:00  WARN 20192 --- [           main] org.hibernate.orm.deprecation            : HHH90000025: H2Dialect does not need to be specified explicitly using 'hibernate.dialect' (remove the property setting and it will be selected by default)
2025-11-20T16:35:43.811-05:00  INFO 20192 --- [           main] org.hibernate.orm.connections.pooling    : HHH10001005: Database info:
	Database JDBC URL [Connecting through datasource 'HikariDataSource (HikariPool-1)']
	Database driver: undefined/unknown
	Database version: 2.3.232
	Autocommit mode: undefined/unknown
	Isolation level: undefined/unknown
	Minimum pool size: undefined/unknown
	Maximum pool size: undefined/unknown
2025-11-20T16:35:46.633-05:00  INFO 20192 --- [           main] o.h.e.t.j.p.i.JtaPlatformInitiator       : HHH000489: No JTA platform available (set 'hibernate.transaction.jta.platform' to enable JTA platform integration)
Hibernate: 
    drop table if exists datos_estacionamiento cascade 
Hibernate: 
    drop table if exists datos_movilidad_urbana cascade 
Hibernate: 
    drop table if exists solicitudes_acceso cascade 
Hibernate: 
    create table datos_estacionamiento (
        activo boolean,
        demanda_promedio float(53),
        hora_pico_entrada time(6),
        hora_pico_salida time(6),
        horario_apertura time(6),
        horario_cierre time(6),
        ingresos_diarios float(53),
        ingresos_mensuales float(53),
        ingresos_semanales float(53),
        latitud float(53),
        longitud float(53),
        nivel_ocupacion float(53),
        plazas_disponibles integer,
        plazas_ocupadas integer,
        rating_promedio float(53),
        tarifa_dia float(53),
        tarifa_hora float(53),
        tasa_rotacion float(53),
        tiempo_promedio_estadia integer,
        total_plazas integer,
        total_resenas integer,
        fecha_actualizacion timestamp(6),
        id bigint generated by default as identity,
        nivel_seguridad varchar(50),
        tipo_estacionamiento varchar(50),
        nombre_estacionamiento varchar(100) not null,
        zona_urbana varchar(100),
        direccion varchar(200),
        servicios varchar(500),
        primary key (id)
    )
Hibernate: 
    create table datos_movilidad_urbana (
        ahorro_tiempo_promedio integer,
        demanda_estacionamiento float(53),
        disponibilidad_estacionamiento float(53),
        emisiones_co2 float(53),
        fecha_analisis date not null,
        impacto_estacionamientos_inteligentes float(53),
        indice_movilidad_sostenible float(53),
        nivel_congestion float(53),
        nivel_trafico float(53),
        ocupacion_estacionamientos float(53),
        peatones integer,
        reduccion_busqueda_estacionamiento float(53),
        reduccion_emisiones_potencial float(53),
        satisfaccion_usuarios float(53),
        tiempo_viaje_promedio integer,
        total_vehiculos integer,
        uso_bicicletas float(53),
        uso_transporte_publico float(53),
        vehiculos_circulando integer,
        velocidad_promedio float(53),
        fecha_actualizacion timestamp(6),
        id bigint generated by default as identity,
        condiciones_climaticas varchar(50),
        fuente_datos varchar(100),
        zona_urbana varchar(100) not null,
        recomendaciones_ia varchar(1000),
        eventos_especiales varchar(255),
        prediccion_demanda_24h varchar(255),
        primary key (id)
    )
Hibernate: 
    create table solicitudes_acceso (
        latitud float(53),
        longitud float(53),
        fecha_revision timestamp(6),
        fecha_solicitud timestamp(6) not null,
        id bigint generated by default as identity,
        telefono varchar(20) not null,
        ip_solicitud varchar(45),
        tipo_solicitud varchar(50),
        ciudad varchar(100),
        email varchar(100) not null,
        empresa varchar(100),
        nombre_completo varchar(100) not null,
        mensaje varchar(500),
        notas_administrador varchar(500),
        direccion_completa varchar(255),
        estado enum ('APROBADA','CANCELADA','EN_REVISION','PENDIENTE','RECHAZADA') not null,
        primary key (id)
    )
2025-11-20T16:35:46.786-05:00  INFO 20192 --- [           main] j.LocalContainerEntityManagerFactoryBean : Initialized JPA EntityManagerFactory for persistence unit 'default'
2025-11-20T16:35:48.739-05:00  INFO 20192 --- [           main] o.s.d.j.r.query.QueryEnhancerFactory     : Hibernate is in classpath; If applicable, HQL parser will be used.
2025-11-20T16:35:51.311-05:00  WARN 20192 --- [           main] JpaBaseConfiguration$JpaWebConfiguration : spring.jpa.open-in-view is enabled by default. Therefore, database queries may be performed during view rendering. Explicitly configure spring.jpa.open-in-view to disable this warning
2025-11-20T16:35:53.267-05:00  INFO 20192 --- [           main] o.s.b.a.h2.H2ConsoleAutoConfiguration    : H2 console available at '/h2-console'. Database available at 'jdbc:h2:mem:parkeya_db'
2025-11-20T16:35:53.490-05:00  INFO 20192 --- [           main] com.parkea.ya.ParkeaYaApplicationTests   : Started ParkeaYaApplicationTests in 18.889 seconds (process running for 21.905)
]]></system-out>
    <system-err><![CDATA[Mockito is currently self-attaching to enable the inline-mock-maker. This will no longer work in future releases of the JDK. Please add Mockito as an agent to your build what is described in Mockito's documentation: https://javadoc.io/doc/org.mockito/mockito-core/latest/org/mockito/Mockito.html#0.3
WARNING: A Java agent has been loaded dynamically (C:\Users\frodr\.m2\repository\net\bytebuddy\byte-buddy-agent\1.15.10\byte-buddy-agent-1.15.10.jar)
WARNING: If a serviceability tool is in use, please run with -XX:+EnableDynamicAgentLoading to hide this warning
WARNING: If a serviceability tool is not in use, please run with -Djdk.instrument.traceUsage for more information
WARNING: Dynamic loading of agents will be disallowed by default in a future release
]]></system-err>
  </testcase>
</testsuite>